c:\users\renato rios\onedrive\documentos\facultad\tercer semestre\algoritmos\ejercicios2algoritmos\2023s1_ejercicios2\debug\vc143.pdb
c:\users\renato rios\onedrive\documentos\facultad\tercer semestre\algoritmos\ejercicios2algoritmos\2023s1_ejercicios2\debug\vc143.idb
c:\users\renato rios\onedrive\documentos\facultad\tercer semestre\algoritmos\ejercicios2algoritmos\2023s1_ejercicios2\debug\multisetintimp.obj
c:\users\renato rios\onedrive\documentos\facultad\tercer semestre\algoritmos\ejercicios2algoritmos\2023s1_ejercicios2\debug\manejadorsalidaprueba.obj
c:\users\renato rios\onedrive\documentos\facultad\tercer semestre\algoritmos\ejercicios2algoritmos\2023s1_ejercicios2\debug\manejadorimpresionprueba.obj
c:\users\renato rios\onedrive\documentos\facultad\tercer semestre\algoritmos\ejercicios2algoritmos\2023s1_ejercicios2\debug\manejadorarchivos.obj
c:\users\renato rios\onedrive\documentos\facultad\tercer semestre\algoritmos\ejercicios2algoritmos\2023s1_ejercicios2\debug\main.obj
c:\users\renato rios\onedrive\documentos\facultad\tercer semestre\algoritmos\ejercicios2algoritmos\2023s1_ejercicios2\debug\listaposintimp.obj
c:\users\renato rios\onedrive\documentos\facultad\tercer semestre\algoritmos\ejercicios2algoritmos\2023s1_ejercicios2\debug\listaordintimp2.obj
c:\users\renato rios\onedrive\documentos\facultad\tercer semestre\algoritmos\ejercicios2algoritmos\2023s1_ejercicios2\debug\listaordintimp.obj
c:\users\renato rios\onedrive\documentos\facultad\tercer semestre\algoritmos\ejercicios2algoritmos\2023s1_ejercicios2\debug\funcaux_s.obj
c:\users\renato rios\onedrive\documentos\facultad\tercer semestre\algoritmos\ejercicios2algoritmos\2023s1_ejercicios2\debug\funcauxtad.obj
c:\users\renato rios\onedrive\documentos\facultad\tercer semestre\algoritmos\ejercicios2algoritmos\2023s1_ejercicios2\debug\funcaux.obj
c:\users\renato rios\onedrive\documentos\facultad\tercer semestre\algoritmos\ejercicios2algoritmos\2023s1_ejercicios2\debug\estadisticaprueba.obj
c:\users\renato rios\onedrive\documentos\facultad\tercer semestre\algoritmos\ejercicios2algoritmos\2023s1_ejercicios2\debug\ejercicios.obj
c:\users\renato rios\onedrive\documentos\facultad\tercer semestre\algoritmos\ejercicios2algoritmos\2023s1_ejercicios2\debug\diccionariointimp.obj
c:\users\renato rios\onedrive\documentos\facultad\tercer semestre\algoritmos\ejercicios2algoritmos\2023s1_ejercicios2\debug\defensa.obj
c:\users\renato rios\onedrive\documentos\facultad\tercer semestre\algoritmos\ejercicios2algoritmos\2023s1_ejercicios2\debug\conductorpruebaobl2.obj
c:\users\renato rios\onedrive\documentos\facultad\tercer semestre\algoritmos\ejercicios2algoritmos\2023s1_ejercicios2\debug\conductorprueba.obj
c:\users\renato rios\onedrive\documentos\facultad\tercer semestre\algoritmos\ejercicios2algoritmos\2023s1_ejercicios2\debug\colaprioridadintimp.obj
c:\users\renato rios\onedrive\documentos\facultad\tercer semestre\algoritmos\ejercicios2algoritmos\2023s1_ejercicios2\debug\colaintimp.obj
c:\users\renato rios\onedrive\documentos\facultad\tercer semestre\algoritmos\ejercicios2algoritmos\2023s1_ejercicios2\debug\colaarray.obj
c:\users\renato rios\onedrive\documentos\facultad\tercer semestre\algoritmos\ejercicios2algoritmos\2023s1_ejercicios2\debug\tablaintintimp.obj
c:\users\renato rios\onedrive\documentos\facultad\tercer semestre\algoritmos\ejercicios2algoritmos\2023s1_ejercicios2\debug\setintimp.obj
c:\users\renato rios\onedrive\documentos\facultad\tercer semestre\algoritmos\ejercicios2algoritmos\2023s1_ejercicios2\debug\pruebastablaintstring.obj
c:\users\renato rios\onedrive\documentos\facultad\tercer semestre\algoritmos\ejercicios2algoritmos\2023s1_ejercicios2\debug\pruebastablaintint.obj
c:\users\renato rios\onedrive\documentos\facultad\tercer semestre\algoritmos\ejercicios2algoritmos\2023s1_ejercicios2\debug\pruebassetint.obj
c:\users\renato rios\onedrive\documentos\facultad\tercer semestre\algoritmos\ejercicios2algoritmos\2023s1_ejercicios2\debug\pruebaspropias.obj
c:\users\renato rios\onedrive\documentos\facultad\tercer semestre\algoritmos\ejercicios2algoritmos\2023s1_ejercicios2\debug\pruebaspilaint.obj
c:\users\renato rios\onedrive\documentos\facultad\tercer semestre\algoritmos\ejercicios2algoritmos\2023s1_ejercicios2\debug\pruebasmultisetint.obj
c:\users\renato rios\onedrive\documentos\facultad\tercer semestre\algoritmos\ejercicios2algoritmos\2023s1_ejercicios2\debug\pruebaslistaposint.obj
c:\users\renato rios\onedrive\documentos\facultad\tercer semestre\algoritmos\ejercicios2algoritmos\2023s1_ejercicios2\debug\pruebaslistaordint.obj
c:\users\renato rios\onedrive\documentos\facultad\tercer semestre\algoritmos\ejercicios2algoritmos\2023s1_ejercicios2\debug\pruebasejemplodeusoentrega.obj
c:\users\renato rios\onedrive\documentos\facultad\tercer semestre\algoritmos\ejercicios2algoritmos\2023s1_ejercicios2\debug\pruebasdiccionarioint.obj
c:\users\renato rios\onedrive\documentos\facultad\tercer semestre\algoritmos\ejercicios2algoritmos\2023s1_ejercicios2\debug\pruebasdefensa.obj
c:\users\renato rios\onedrive\documentos\facultad\tercer semestre\algoritmos\ejercicios2algoritmos\2023s1_ejercicios2\debug\pruebascorreccion.obj
c:\users\renato rios\onedrive\documentos\facultad\tercer semestre\algoritmos\ejercicios2algoritmos\2023s1_ejercicios2\debug\pruebascolaprioridadint.obj
c:\users\renato rios\onedrive\documentos\facultad\tercer semestre\algoritmos\ejercicios2algoritmos\2023s1_ejercicios2\debug\pruebascolaint.obj
c:\users\renato rios\onedrive\documentos\facultad\tercer semestre\algoritmos\ejercicios2algoritmos\2023s1_ejercicios2\debug\pruebasauxentrega.obj
c:\users\renato rios\onedrive\documentos\facultad\tercer semestre\algoritmos\ejercicios2algoritmos\2023s1_ejercicios2\debug\pruebasauxdefensa.obj
c:\users\renato rios\onedrive\documentos\facultad\tercer semestre\algoritmos\ejercicios2algoritmos\2023s1_ejercicios2\debug\prueba.obj
c:\users\renato rios\onedrive\documentos\facultad\tercer semestre\algoritmos\ejercicios2algoritmos\2023s1_ejercicios2\debug\pilaintimp.obj
c:\users\renato rios\onedrive\documentos\facultad\tercer semestre\algoritmos\ejercicios2algoritmos\2023s1_ejercicios2\debug\tablaintstringimp.obj
c:\users\renato rios\onedrive\documentos\facultad\tercer semestre\algoritmos\ejercicios2algoritmos\2023s1_ejercicios2\debug\aframework.ilk
c:\users\renato rios\onedrive\documentos\facultad\tercer semestre\algoritmos\ejercicios2algoritmos\2023s1_ejercicios2\debug\aframework.exe
c:\users\renato rios\onedrive\documentos\facultad\tercer semestre\algoritmos\ejercicios2algoritmos\2023s1_ejercicios2\debug\aframework.pdb
c:\users\renato rios\onedrive\documentos\facultad\tercer semestre\algoritmos\ejercicios2algoritmos\2023s1_ejercicios2\debug\aframework.tlog\cl.command.1.tlog
c:\users\renato rios\onedrive\documentos\facultad\tercer semestre\algoritmos\ejercicios2algoritmos\2023s1_ejercicios2\debug\aframework.tlog\cl.read.1.tlog
c:\users\renato rios\onedrive\documentos\facultad\tercer semestre\algoritmos\ejercicios2algoritmos\2023s1_ejercicios2\debug\aframework.tlog\cl.write.1.tlog
c:\users\renato rios\onedrive\documentos\facultad\tercer semestre\algoritmos\ejercicios2algoritmos\2023s1_ejercicios2\debug\aframework.tlog\link.command.1.tlog
c:\users\renato rios\onedrive\documentos\facultad\tercer semestre\algoritmos\ejercicios2algoritmos\2023s1_ejercicios2\debug\aframework.tlog\link.read.1.tlog
c:\users\renato rios\onedrive\documentos\facultad\tercer semestre\algoritmos\ejercicios2algoritmos\2023s1_ejercicios2\debug\aframework.tlog\link.write.1.tlog
